<?xml version="1.0" encoding="UTF-8"?>
<!-- Generated by org.testng.reporters.JUnitXMLReporter -->
<testsuite ignored="8" hostname="DESKTOP-02956BS" failures="0" tests="1" name="TestControls-Chrome" time="105.193" errors="0" timestamp="2023-01-17T17:34:32 IST">
  <testcase classname="GenericLibraries.BaseClass" name="@BeforeClass bcConfigration" time="59.236">
    <failure type="org.openqa.selenium.remote.UnreachableBrowserException" message="Error communicating with the remote browser. It may have died.
Build info: version: &amp;apos;4.4.0&amp;apos;, revision: &amp;apos;e5c75ed026a&amp;apos;
System info: host: &amp;apos;DESKTOP-02956BS&amp;apos;, ip: &amp;apos;169.254.121.174&amp;apos;, os.name: &amp;apos;Windows 10&amp;apos;, os.arch: &amp;apos;amd64&amp;apos;, os.version: &amp;apos;10.0&amp;apos;, java.version: &amp;apos;17.0.4.1&amp;apos;
Driver info: org.openqa.selenium.chrome.ChromeDriver
Command: [43902832c26834b8356162819667ba8d, maximizeCurrentWindow {}]
Capabilities {acceptInsecureCerts: false, browserName: chrome, browserVersion: 109.0.5414.74, chrome: {chromedriverVersion: 109.0.5414.74 (e7c5703604da..., userDataDir: C:\Users\Kiran\AppData\Loca...}, goog:chromeOptions: {debuggerAddress: localhost:61784}, networkConnectionEnabled: false, pageLoadStrategy: normal, platformName: WINDOWS, proxy: Proxy(), se:cdp: ws://localhost:61784/devtoo..., se:cdpVersion: 109.0.5414.74, setWindowRect: true, strictFileInteractability: false, timeouts: {implicit: 0, pageLoad: 300000, script: 30000}, unhandledPromptBehavior: dismiss and notify, webauthn:extension:credBlob: true, webauthn:extension:largeBlob: true, webauthn:virtualAuthenticators: true}
Session ID: 43902832c26834b8356162819667ba8d">
      <![CDATA[org.openqa.selenium.remote.UnreachableBrowserException: Error communicating with the remote browser. It may have died.
Build info: version: '4.4.0', revision: 'e5c75ed026a'
System info: host: 'DESKTOP-02956BS', ip: '169.254.121.174', os.name: 'Windows 10', os.arch: 'amd64', os.version: '10.0', java.version: '17.0.4.1'
Driver info: org.openqa.selenium.chrome.ChromeDriver
Command: [43902832c26834b8356162819667ba8d, maximizeCurrentWindow {}]
Capabilities {acceptInsecureCerts: false, browserName: chrome, browserVersion: 109.0.5414.74, chrome: {chromedriverVersion: 109.0.5414.74 (e7c5703604da..., userDataDir: C:\Users\Kiran\AppData\Loca...}, goog:chromeOptions: {debuggerAddress: localhost:61784}, networkConnectionEnabled: false, pageLoadStrategy: normal, platformName: WINDOWS, proxy: Proxy(), se:cdp: ws://localhost:61784/devtoo..., se:cdpVersion: 109.0.5414.74, setWindowRect: true, strictFileInteractability: false, timeouts: {implicit: 0, pageLoad: 300000, script: 30000}, unhandledPromptBehavior: dismiss and notify, webauthn:extension:credBlob: true, webauthn:extension:largeBlob: true, webauthn:virtualAuthenticators: true}
Session ID: 43902832c26834b8356162819667ba8d
at org.openqa.selenium.remote.RemoteWebDriver.execute(RemoteWebDriver.java:571)
at org.openqa.selenium.remote.RemoteWebDriver.execute(RemoteWebDriver.java:602)
at org.openqa.selenium.remote.RemoteWebDriver.execute(RemoteWebDriver.java:606)
at org.openqa.selenium.remote.RemoteWebDriver$RemoteWebDriverOptions$RemoteWindow.maximize(RemoteWebDriver.java:1002)
at GenericLibraries.WebDriverLibrary.maximiseWindow(WebDriverLibrary.java:37)
at GenericLibraries.BaseClass.bcConfigration(BaseClass.java:74)
at java.base/java.util.ArrayList.forEach(ArrayList.java:1511)
at java.base/java.util.concurrent.FutureTask.run(FutureTask.java:264)
at java.base/java.util.concurrent.ThreadPoolExecutor.runWorker(ThreadPoolExecutor.java:1136)
at java.base/java.util.concurrent.ThreadPoolExecutor$Worker.run(ThreadPoolExecutor.java:635)
at java.base/java.lang.Thread.run(Thread.java:833)
Caused by: java.io.UncheckedIOException: java.net.SocketException: Connection reset
at org.openqa.selenium.remote.http.netty.NettyHttpHandler.makeCall(NettyHttpHandler.java:73)
at org.openqa.selenium.remote.http.AddSeleniumUserAgent.lambda$apply$0(AddSeleniumUserAgent.java:42)
at org.openqa.selenium.remote.http.Filter.lambda$andFinally$1(Filter.java:56)
at org.openqa.selenium.remote.http.netty.NettyHttpHandler.execute(NettyHttpHandler.java:49)
at org.openqa.selenium.remote.http.AddSeleniumUserAgent.lambda$apply$0(AddSeleniumUserAgent.java:42)
at org.openqa.selenium.remote.http.Filter.lambda$andFinally$1(Filter.java:56)
at org.openqa.selenium.remote.http.netty.NettyClient.execute(NettyClient.java:98)
at org.openqa.selenium.remote.HttpCommandExecutor.execute(HttpCommandExecutor.java:181)
at org.openqa.selenium.remote.service.DriverCommandExecutor.invokeExecute(DriverCommandExecutor.java:167)
at org.openqa.selenium.remote.service.DriverCommandExecutor.execute(DriverCommandExecutor.java:142)
at org.openqa.selenium.remote.RemoteWebDriver.execute(RemoteWebDriver.java:547)
... 26 more
Caused by: java.net.SocketException: Connection reset
at java.base/sun.nio.ch.SocketChannelImpl.throwConnectionReset(SocketChannelImpl.java:394)
at java.base/sun.nio.ch.SocketChannelImpl.read(SocketChannelImpl.java:426)
at io.netty.buffer.PooledByteBuf.setBytes(PooledByteBuf.java:258)
at io.netty.buffer.AbstractByteBuf.writeBytes(AbstractByteBuf.java:1132)
at io.netty.channel.socket.nio.NioSocketChannel.doReadBytes(NioSocketChannel.java:357)
at io.netty.channel.nio.AbstractNioByteChannel$NioByteUnsafe.read(AbstractNioByteChannel.java:151)
at io.netty.channel.nio.NioEventLoop.processSelectedKey(NioEventLoop.java:722)
at io.netty.channel.nio.NioEventLoop.processSelectedKeysOptimized(NioEventLoop.java:658)
at io.netty.channel.nio.NioEventLoop.processSelectedKeys(NioEventLoop.java:584)
at io.netty.channel.nio.NioEventLoop.run(NioEventLoop.java:496)
at io.netty.util.concurrent.SingleThreadEventExecutor$4.run(SingleThreadEventExecutor.java:997)
at io.netty.util.internal.ThreadExecutorMap$2.run(ThreadExecutorMap.java:74)
at io.netty.util.concurrent.FastThreadLocalRunnable.run(FastThreadLocalRunnable.java:30)
... 1 more
... Removed 16 stack frames]]>
    </failure>
  </testcase> <!-- @BeforeClass bcConfigration -->
  <testcase classname="GenericLibraries.BaseClass" name="@BeforeMethod bmConfigration" time="-1.673957062534E9">
    <skipped/>
  </testcase> <!-- @BeforeMethod bmConfigration -->
  <testcase classname="GenericLibraries.BaseClass" name="@AfterMethod amConfigration" time="-1.673957062551E9">
    <skipped/>
  </testcase> <!-- @AfterMethod amConfigration -->
  <testcase classname="GenericLibraries.BaseClass" name="@AfterClass acConfigration" time="-1.673957062553E9">
    <skipped/>
  </testcase> <!-- @AfterClass acConfigration -->
  <testcase classname="TestingControls.CreateStudentTest" name="createstudentTest" time="0.0">
    <skipped/>
  </testcase> <!-- createstudentTest -->
  <testcase classname="GenericLibraries.BaseClass" name="@AfterTest acConfigration" time="0.0">
    <ignored/>
  </testcase> <!-- @AfterTest acConfigration -->
  <testcase classname="GenericLibraries.BaseClass" name="@AfterTest acConfigration" time="0.0">
    <ignored/>
  </testcase> <!-- @AfterTest acConfigration -->
  <testcase classname="GenericLibraries.BaseClass" name="@AfterSuite asConfigration" time="0.0">
    <ignored/>
  </testcase> <!-- @AfterSuite asConfigration -->
  <testcase classname="GenericLibraries.BaseClass" name="@AfterSuite asConfigration" time="0.0">
    <ignored/>
  </testcase> <!-- @AfterSuite asConfigration -->
  <testcase classname="GenericLibraries.BaseClass" name="@BeforeSuite bsConfigration" time="0.0">
    <ignored/>
  </testcase> <!-- @BeforeSuite bsConfigration -->
  <testcase classname="GenericLibraries.BaseClass" name="@BeforeSuite bsConfigration" time="0.0">
    <ignored/>
  </testcase> <!-- @BeforeSuite bsConfigration -->
  <testcase classname="GenericLibraries.BaseClass" name="@BeforeTest bcConfigration" time="0.0">
    <ignored/>
  </testcase> <!-- @BeforeTest bcConfigration -->
  <testcase classname="GenericLibraries.BaseClass" name="@BeforeTest bcConfigration" time="0.0">
    <ignored/>
  </testcase> <!-- @BeforeTest bcConfigration -->
</testsuite> <!-- TestControls-Chrome -->
